{"/Users/marcosmoski/Documents/Projects/personal/visualNuts/officialLanguages.ts": {"path":"/Users/marcosmoski/Documents/Projects/personal/visualNuts/officialLanguages.ts","all":false,"statementMap":{"0":{"start":{"line":1,"column":0},"end":{"line":1,"column":2}},"1":{"start":{"line":2,"column":0},"end":{"line":2,"column":117}},"2":{"start":{"line":3,"column":0},"end":{"line":3,"column":72}},"3":{"start":{"line":4,"column":0},"end":{"line":4,"column":0}},"4":{"start":{"line":5,"column":0},"end":{"line":5,"column":50}},"5":{"start":{"line":6,"column":0},"end":{"line":6,"column":99}},"6":{"start":{"line":7,"column":0},"end":{"line":7,"column":76}},"7":{"start":{"line":8,"column":0},"end":{"line":8,"column":72}},"8":{"start":{"line":9,"column":0},"end":{"line":9,"column":69}},"9":{"start":{"line":10,"column":0},"end":{"line":10,"column":0}},"10":{"start":{"line":11,"column":0},"end":{"line":11,"column":32}},"11":{"start":{"line":12,"column":0},"end":{"line":12,"column":48}},"12":{"start":{"line":13,"column":0},"end":{"line":13,"column":48}},"13":{"start":{"line":14,"column":0},"end":{"line":14,"column":35}},"14":{"start":{"line":15,"column":0},"end":{"line":15,"column":45}},"15":{"start":{"line":16,"column":0},"end":{"line":16,"column":0}},"16":{"start":{"line":17,"column":0},"end":{"line":17,"column":87}},"17":{"start":{"line":18,"column":0},"end":{"line":18,"column":69}},"18":{"start":{"line":19,"column":0},"end":{"line":19,"column":0}},"19":{"start":{"line":20,"column":0},"end":{"line":20,"column":64}},"20":{"start":{"line":21,"column":0},"end":{"line":21,"column":2}},"21":{"start":{"line":22,"column":0},"end":{"line":22,"column":0}},"22":{"start":{"line":23,"column":0},"end":{"line":23,"column":37}},"23":{"start":{"line":24,"column":0},"end":{"line":24,"column":18}},"24":{"start":{"line":25,"column":0},"end":{"line":25,"column":21}},"25":{"start":{"line":26,"column":0},"end":{"line":26,"column":1}},"26":{"start":{"line":27,"column":0},"end":{"line":27,"column":0}},"27":{"start":{"line":28,"column":0},"end":{"line":28,"column":28}},"28":{"start":{"line":29,"column":0},"end":{"line":29,"column":25}},"29":{"start":{"line":30,"column":0},"end":{"line":30,"column":1}},"30":{"start":{"line":31,"column":0},"end":{"line":31,"column":0}},"31":{"start":{"line":32,"column":0},"end":{"line":32,"column":88}},"32":{"start":{"line":33,"column":0},"end":{"line":33,"column":38}},"33":{"start":{"line":34,"column":0},"end":{"line":34,"column":3}},"34":{"start":{"line":35,"column":0},"end":{"line":35,"column":0}},"35":{"start":{"line":36,"column":0},"end":{"line":36,"column":104}},"36":{"start":{"line":37,"column":0},"end":{"line":37,"column":25}},"37":{"start":{"line":38,"column":0},"end":{"line":38,"column":18}},"38":{"start":{"line":39,"column":0},"end":{"line":39,"column":25}},"39":{"start":{"line":40,"column":0},"end":{"line":40,"column":6}},"40":{"start":{"line":41,"column":0},"end":{"line":41,"column":44}},"41":{"start":{"line":42,"column":0},"end":{"line":42,"column":101}},"42":{"start":{"line":43,"column":0},"end":{"line":43,"column":25}},"43":{"start":{"line":44,"column":0},"end":{"line":44,"column":33}},"44":{"start":{"line":45,"column":0},"end":{"line":45,"column":49}},"45":{"start":{"line":46,"column":0},"end":{"line":46,"column":9}},"46":{"start":{"line":47,"column":0},"end":{"line":47,"column":7}},"47":{"start":{"line":48,"column":0},"end":{"line":48,"column":5}},"48":{"start":{"line":49,"column":0},"end":{"line":49,"column":25}},"49":{"start":{"line":50,"column":0},"end":{"line":50,"column":3}},"50":{"start":{"line":51,"column":0},"end":{"line":51,"column":0}},"51":{"start":{"line":52,"column":0},"end":{"line":52,"column":103}},"52":{"start":{"line":53,"column":0},"end":{"line":53,"column":25}},"53":{"start":{"line":54,"column":0},"end":{"line":54,"column":18}},"54":{"start":{"line":55,"column":0},"end":{"line":55,"column":25}},"55":{"start":{"line":56,"column":0},"end":{"line":56,"column":6}},"56":{"start":{"line":57,"column":0},"end":{"line":57,"column":44}},"57":{"start":{"line":58,"column":0},"end":{"line":58,"column":68}},"58":{"start":{"line":59,"column":0},"end":{"line":59,"column":25}},"59":{"start":{"line":60,"column":0},"end":{"line":60,"column":33}},"60":{"start":{"line":61,"column":0},"end":{"line":61,"column":49}},"61":{"start":{"line":62,"column":0},"end":{"line":62,"column":9}},"62":{"start":{"line":63,"column":0},"end":{"line":63,"column":7}},"63":{"start":{"line":64,"column":0},"end":{"line":64,"column":5}},"64":{"start":{"line":65,"column":0},"end":{"line":65,"column":25}},"65":{"start":{"line":66,"column":0},"end":{"line":66,"column":3}},"66":{"start":{"line":67,"column":0},"end":{"line":67,"column":0}},"67":{"start":{"line":68,"column":0},"end":{"line":68,"column":89}},"68":{"start":{"line":69,"column":0},"end":{"line":69,"column":45}},"69":{"start":{"line":70,"column":0},"end":{"line":70,"column":2}},"70":{"start":{"line":71,"column":0},"end":{"line":71,"column":49}},"71":{"start":{"line":72,"column":0},"end":{"line":72,"column":46}},"72":{"start":{"line":73,"column":0},"end":{"line":73,"column":86}},"73":{"start":{"line":74,"column":0},"end":{"line":74,"column":7}},"74":{"start":{"line":75,"column":0},"end":{"line":75,"column":5}},"75":{"start":{"line":76,"column":0},"end":{"line":76,"column":2}},"76":{"start":{"line":77,"column":0},"end":{"line":77,"column":66}},"77":{"start":{"line":78,"column":0},"end":{"line":78,"column":0}},"78":{"start":{"line":79,"column":0},"end":{"line":79,"column":58}},"79":{"start":{"line":80,"column":0},"end":{"line":80,"column":51}},"80":{"start":{"line":81,"column":0},"end":{"line":81,"column":6}},"81":{"start":{"line":82,"column":0},"end":{"line":82,"column":3}},"82":{"start":{"line":83,"column":0},"end":{"line":83,"column":0}},"83":{"start":{"line":84,"column":0},"end":{"line":84,"column":99}},"84":{"start":{"line":85,"column":0},"end":{"line":85,"column":46}},"85":{"start":{"line":86,"column":0},"end":{"line":86,"column":14}},"86":{"start":{"line":87,"column":0},"end":{"line":87,"column":30}},"87":{"start":{"line":88,"column":0},"end":{"line":88,"column":51}},"88":{"start":{"line":89,"column":0},"end":{"line":89,"column":7}},"89":{"start":{"line":90,"column":0},"end":{"line":90,"column":6}},"90":{"start":{"line":91,"column":0},"end":{"line":91,"column":3}}},"s":{"0":1,"1":1,"2":1,"3":1,"4":1,"5":1,"6":1,"7":1,"8":1,"9":1,"10":1,"11":1,"12":1,"13":1,"14":1,"15":1,"16":1,"17":1,"18":1,"19":1,"20":1,"21":1,"22":1,"23":1,"24":1,"25":1,"26":1,"27":1,"28":1,"29":1,"30":1,"31":1,"32":1,"33":1,"34":1,"35":1,"36":1,"37":1,"38":1,"39":1,"40":1,"41":5,"42":1,"43":1,"44":1,"45":1,"46":1,"47":5,"48":1,"49":1,"50":1,"51":1,"52":2,"53":2,"54":2,"55":2,"56":2,"57":10,"58":4,"59":4,"60":4,"61":4,"62":4,"63":10,"64":2,"65":2,"66":1,"67":1,"68":3,"69":3,"70":3,"71":15,"72":21,"73":21,"74":15,"75":15,"76":3,"77":3,"78":3,"79":15,"80":15,"81":3,"82":1,"83":1,"84":3,"85":15,"86":15,"87":15,"88":15,"89":15,"90":3},"branchMap":{"0":{"type":"branch","line":32,"loc":{"start":{"line":32,"column":86},"end":{"line":34,"column":3}},"locations":[{"start":{"line":32,"column":86},"end":{"line":34,"column":3}}]},"1":{"type":"branch","line":34,"loc":{"start":{"line":34,"column":2},"end":{"line":34,"column":3}},"locations":[{"start":{"line":34,"column":2},"end":{"line":34,"column":3}}]},"2":{"type":"branch","line":36,"loc":{"start":{"line":36,"column":9},"end":{"line":50,"column":3}},"locations":[{"start":{"line":36,"column":9},"end":{"line":50,"column":3}}]},"3":{"type":"branch","line":41,"loc":{"start":{"line":41,"column":42},"end":{"line":49,"column":11}},"locations":[{"start":{"line":41,"column":42},"end":{"line":49,"column":11}}]},"4":{"type":"branch","line":42,"loc":{"start":{"line":42,"column":38},"end":{"line":42,"column":99}},"locations":[{"start":{"line":42,"column":38},"end":{"line":42,"column":99}}]},"5":{"type":"branch","line":42,"loc":{"start":{"line":42,"column":99},"end":{"line":47,"column":7}},"locations":[{"start":{"line":42,"column":99},"end":{"line":47,"column":7}}]},"6":{"type":"branch","line":50,"loc":{"start":{"line":50,"column":2},"end":{"line":50,"column":3}},"locations":[{"start":{"line":50,"column":2},"end":{"line":50,"column":3}}]},"7":{"type":"branch","line":52,"loc":{"start":{"line":52,"column":8},"end":{"line":66,"column":3}},"locations":[{"start":{"line":52,"column":8},"end":{"line":66,"column":3}}]},"8":{"type":"branch","line":57,"loc":{"start":{"line":57,"column":42},"end":{"line":65,"column":11}},"locations":[{"start":{"line":57,"column":42},"end":{"line":65,"column":11}}]},"9":{"type":"branch","line":58,"loc":{"start":{"line":58,"column":66},"end":{"line":63,"column":7}},"locations":[{"start":{"line":58,"column":66},"end":{"line":63,"column":7}}]},"10":{"type":"branch","line":66,"loc":{"start":{"line":66,"column":2},"end":{"line":66,"column":3}},"locations":[{"start":{"line":66,"column":2},"end":{"line":66,"column":3}}]},"11":{"type":"branch","line":68,"loc":{"start":{"line":68,"column":8},"end":{"line":82,"column":3}},"locations":[{"start":{"line":68,"column":8},"end":{"line":82,"column":3}}]},"12":{"type":"branch","line":71,"loc":{"start":{"line":71,"column":47},"end":{"line":77,"column":8}},"locations":[{"start":{"line":71,"column":47},"end":{"line":77,"column":8}}]},"13":{"type":"branch","line":72,"loc":{"start":{"line":72,"column":44},"end":{"line":74,"column":7}},"locations":[{"start":{"line":72,"column":44},"end":{"line":74,"column":7}}]},"14":{"type":"branch","line":73,"loc":{"start":{"line":73,"column":24},"end":{"line":73,"column":61}},"locations":[{"start":{"line":73,"column":24},"end":{"line":73,"column":61}}]},"15":{"type":"branch","line":73,"loc":{"start":{"line":73,"column":57},"end":{"line":73,"column":86}},"locations":[{"start":{"line":73,"column":57},"end":{"line":73,"column":86}}]},"16":{"type":"branch","line":79,"loc":{"start":{"line":79,"column":48},"end":{"line":81,"column":6}},"locations":[{"start":{"line":79,"column":48},"end":{"line":81,"column":6}}]},"17":{"type":"branch","line":82,"loc":{"start":{"line":82,"column":2},"end":{"line":82,"column":3}},"locations":[{"start":{"line":82,"column":2},"end":{"line":82,"column":3}}]},"18":{"type":"branch","line":84,"loc":{"start":{"line":84,"column":7},"end":{"line":91,"column":3}},"locations":[{"start":{"line":84,"column":7},"end":{"line":91,"column":3}}]},"19":{"type":"branch","line":85,"loc":{"start":{"line":85,"column":36},"end":{"line":90,"column":6}},"locations":[{"start":{"line":85,"column":36},"end":{"line":90,"column":6}}]},"20":{"type":"branch","line":91,"loc":{"start":{"line":91,"column":2},"end":{"line":91,"column":3}},"locations":[{"start":{"line":91,"column":2},"end":{"line":91,"column":3}}]}},"b":{"0":[1],"1":[1],"2":[1],"3":[5],"4":[2],"5":[1],"6":[1],"7":[2],"8":[10],"9":[4],"10":[2],"11":[3],"12":[15],"13":[21],"14":[6],"15":[15],"16":[15],"17":[3],"18":[3],"19":[15],"20":[3]},"fnMap":{"0":{"name":"numberOfCountriesInWorld","decl":{"start":{"line":32,"column":86},"end":{"line":34,"column":3}},"loc":{"start":{"line":32,"column":86},"end":{"line":34,"column":3}},"line":32},"1":{"name":"get","decl":{"start":{"line":34,"column":2},"end":{"line":34,"column":3}},"loc":{"start":{"line":34,"column":2},"end":{"line":34,"column":3}},"line":34},"2":{"name":"findWithMostOfficialLanguagesAndSpeaksDE","decl":{"start":{"line":36,"column":9},"end":{"line":50,"column":3}},"loc":{"start":{"line":36,"column":9},"end":{"line":50,"column":3}},"line":36},"3":{"name":"get","decl":{"start":{"line":50,"column":2},"end":{"line":50,"column":3}},"loc":{"start":{"line":50,"column":2},"end":{"line":50,"column":3}},"line":50},"4":{"name":"findWithHighestNumberOfOfficialLanguages","decl":{"start":{"line":52,"column":8},"end":{"line":66,"column":3}},"loc":{"start":{"line":52,"column":8},"end":{"line":66,"column":3}},"line":52},"5":{"name":"get","decl":{"start":{"line":66,"column":2},"end":{"line":66,"column":3}},"loc":{"start":{"line":66,"column":2},"end":{"line":66,"column":3}},"line":66},"6":{"name":"findMostCommonOfficialLang","decl":{"start":{"line":68,"column":8},"end":{"line":82,"column":3}},"loc":{"start":{"line":68,"column":8},"end":{"line":82,"column":3}},"line":68},"7":{"name":"get","decl":{"start":{"line":82,"column":2},"end":{"line":82,"column":3}},"loc":{"start":{"line":82,"column":2},"end":{"line":82,"column":3}},"line":82},"8":{"name":"countAllOfficialLangsSpokenPerCountry","decl":{"start":{"line":84,"column":7},"end":{"line":91,"column":3}},"loc":{"start":{"line":84,"column":7},"end":{"line":91,"column":3}},"line":84},"9":{"name":"get","decl":{"start":{"line":91,"column":2},"end":{"line":91,"column":3}},"loc":{"start":{"line":91,"column":2},"end":{"line":91,"column":3}},"line":91}},"f":{"0":1,"1":1,"2":1,"3":1,"4":2,"5":2,"6":3,"7":3,"8":3,"9":3}}
,"/Users/marcosmoski/Documents/Projects/personal/visualNuts/vistualNutsPrintNumbers.ts": {"path":"/Users/marcosmoski/Documents/Projects/personal/visualNuts/vistualNutsPrintNumbers.ts","all":false,"statementMap":{"0":{"start":{"line":1,"column":0},"end":{"line":1,"column":0}},"1":{"start":{"line":2,"column":0},"end":{"line":2,"column":0}},"2":{"start":{"line":3,"column":0},"end":{"line":3,"column":2}},"3":{"start":{"line":4,"column":0},"end":{"line":4,"column":57}},"4":{"start":{"line":5,"column":0},"end":{"line":5,"column":0}},"5":{"start":{"line":6,"column":0},"end":{"line":6,"column":87}},"6":{"start":{"line":7,"column":0},"end":{"line":7,"column":69}},"7":{"start":{"line":8,"column":0},"end":{"line":8,"column":0}},"8":{"start":{"line":9,"column":0},"end":{"line":9,"column":64}},"9":{"start":{"line":10,"column":0},"end":{"line":10,"column":2}},"10":{"start":{"line":11,"column":0},"end":{"line":11,"column":0}},"11":{"start":{"line":12,"column":0},"end":{"line":12,"column":85}},"12":{"start":{"line":13,"column":0},"end":{"line":13,"column":93}},"13":{"start":{"line":14,"column":0},"end":{"line":14,"column":4}},"14":{"start":{"line":15,"column":0},"end":{"line":15,"column":80}},"15":{"start":{"line":16,"column":0},"end":{"line":16,"column":33}},"16":{"start":{"line":17,"column":0},"end":{"line":17,"column":15}},"17":{"start":{"line":18,"column":0},"end":{"line":18,"column":5}},"18":{"start":{"line":19,"column":0},"end":{"line":19,"column":44}},"19":{"start":{"line":20,"column":0},"end":{"line":20,"column":34}},"20":{"start":{"line":21,"column":0},"end":{"line":21,"column":15}},"21":{"start":{"line":22,"column":0},"end":{"line":22,"column":5}},"22":{"start":{"line":23,"column":0},"end":{"line":23,"column":50}},"23":{"start":{"line":24,"column":0},"end":{"line":24,"column":26}},"24":{"start":{"line":25,"column":0},"end":{"line":25,"column":15}},"25":{"start":{"line":26,"column":0},"end":{"line":26,"column":5}},"26":{"start":{"line":27,"column":0},"end":{"line":27,"column":31}},"27":{"start":{"line":28,"column":0},"end":{"line":28,"column":3}},"28":{"start":{"line":29,"column":0},"end":{"line":29,"column":1}},"29":{"start":{"line":30,"column":0},"end":{"line":30,"column":0}},"30":{"start":{"line":31,"column":0},"end":{"line":31,"column":73}},"31":{"start":{"line":32,"column":0},"end":{"line":32,"column":42}},"32":{"start":{"line":33,"column":0},"end":{"line":33,"column":1}}},"s":{"0":1,"1":1,"2":1,"3":1,"4":1,"5":1,"6":1,"7":1,"8":1,"9":1,"10":1,"11":1,"12":4,"13":4,"14":4,"15":1,"16":1,"17":1,"18":4,"19":1,"20":1,"21":1,"22":4,"23":1,"24":1,"25":1,"26":1,"27":1,"28":4,"29":1,"30":1,"31":13,"32":2},"branchMap":{"0":{"type":"branch","line":12,"loc":{"start":{"line":12,"column":83},"end":{"line":29,"column":1}},"locations":[{"start":{"line":12,"column":83},"end":{"line":29,"column":1}}]},"1":{"type":"branch","line":15,"loc":{"start":{"line":15,"column":39},"end":{"line":15,"column":78}},"locations":[{"start":{"line":15,"column":39},"end":{"line":15,"column":78}}]},"2":{"type":"branch","line":15,"loc":{"start":{"line":15,"column":78},"end":{"line":19,"column":8}},"locations":[{"start":{"line":15,"column":78},"end":{"line":19,"column":8}}]},"3":{"type":"branch","line":19,"loc":{"start":{"line":19,"column":4},"end":{"line":19,"column":44}},"locations":[{"start":{"line":19,"column":4},"end":{"line":19,"column":44}}]},"4":{"type":"branch","line":19,"loc":{"start":{"line":19,"column":42},"end":{"line":23,"column":8}},"locations":[{"start":{"line":19,"column":42},"end":{"line":23,"column":8}}]},"5":{"type":"branch","line":23,"loc":{"start":{"line":23,"column":4},"end":{"line":23,"column":50}},"locations":[{"start":{"line":23,"column":4},"end":{"line":23,"column":50}}]},"6":{"type":"branch","line":23,"loc":{"start":{"line":23,"column":42},"end":{"line":29,"column":1}},"locations":[{"start":{"line":23,"column":42},"end":{"line":29,"column":1}}]},"7":{"type":"branch","line":29,"loc":{"start":{"line":29,"column":0},"end":{"line":29,"column":1}},"locations":[{"start":{"line":29,"column":0},"end":{"line":29,"column":1}}]},"8":{"type":"branch","line":31,"loc":{"start":{"line":31,"column":7},"end":{"line":33,"column":1}},"locations":[{"start":{"line":31,"column":7},"end":{"line":33,"column":1}}]},"9":{"type":"branch","line":33,"loc":{"start":{"line":33,"column":0},"end":{"line":33,"column":1}},"locations":[{"start":{"line":33,"column":0},"end":{"line":33,"column":1}}]}},"b":{"0":[4],"1":[2],"2":[1],"3":[3],"4":[1],"5":[2],"6":[1],"7":[4],"8":[13],"9":[2]},"fnMap":{"0":{"name":"visualNutsPrintNumbers","decl":{"start":{"line":12,"column":83},"end":{"line":29,"column":1}},"loc":{"start":{"line":12,"column":83},"end":{"line":29,"column":1}},"line":12},"1":{"name":"get","decl":{"start":{"line":29,"column":0},"end":{"line":29,"column":1}},"loc":{"start":{"line":29,"column":0},"end":{"line":29,"column":1}},"line":29},"2":{"name":"isDivisibleBy","decl":{"start":{"line":31,"column":7},"end":{"line":33,"column":1}},"loc":{"start":{"line":31,"column":7},"end":{"line":33,"column":1}},"line":31},"3":{"name":"get","decl":{"start":{"line":33,"column":0},"end":{"line":33,"column":1}},"loc":{"start":{"line":33,"column":0},"end":{"line":33,"column":1}},"line":33}},"f":{"0":4,"1":4,"2":13,"3":2}}
}
